Determining if the pthread_create exist failed with the following output:
Change Dir: /home/cc/ee106b/sp17/class/ee106b-aah/final/final_project/build/CMakeFiles/CMakeTmp

Run Build Command:/usr/bin/make "cmTryCompileExec1621471761/fast"
/usr/bin/make -f CMakeFiles/cmTryCompileExec1621471761.dir/build.make CMakeFiles/cmTryCompileExec1621471761.dir/build
make[1]: Entering directory `/home/cc/ee106b/sp17/class/ee106b-aah/final/final_project/build/CMakeFiles/CMakeTmp'
/usr/bin/cmake -E cmake_progress_report /home/cc/ee106b/sp17/class/ee106b-aah/final/final_project/build/CMakeFiles/CMakeTmp/CMakeFiles 1
Building C object CMakeFiles/cmTryCompileExec1621471761.dir/CheckSymbolExists.c.o
/usr/bin/cc    -o CMakeFiles/cmTryCompileExec1621471761.dir/CheckSymbolExists.c.o   -c /home/cc/ee106b/sp17/class/ee106b-aah/final/final_project/build/CMakeFiles/CMakeTmp/CheckSymbolExists.c
Linking C executable cmTryCompileExec1621471761
/usr/bin/cmake -E cmake_link_script CMakeFiles/cmTryCompileExec1621471761.dir/link.txt --verbose=1
/usr/bin/cc       CMakeFiles/cmTryCompileExec1621471761.dir/CheckSymbolExists.c.o  -o cmTryCompileExec1621471761 -rdynamic 
CMakeFiles/cmTryCompileExec1621471761.dir/CheckSymbolExists.c.o: In function `main':
CheckSymbolExists.c:(.text+0x16): undefined reference to `pthread_create'
collect2: error: ld returned 1 exit status
make[1]: *** [cmTryCompileExec1621471761] Error 1
make[1]: Leaving directory `/home/cc/ee106b/sp17/class/ee106b-aah/final/final_project/build/CMakeFiles/CMakeTmp'
make: *** [cmTryCompileExec1621471761/fast] Error 2

File /home/cc/ee106b/sp17/class/ee106b-aah/final/final_project/build/CMakeFiles/CMakeTmp/CheckSymbolExists.c:
/* */
#include <pthread.h>

int main(int argc, char** argv)
{
  (void)argv;
#ifndef pthread_create
  return ((int*)(&pthread_create))[argc];
#else
  (void)argc;
  return 0;
#endif
}

Determining if the function pthread_create exists in the pthreads failed with the following output:
Change Dir: /home/cc/ee106b/sp17/class/ee106b-aah/final/final_project/build/CMakeFiles/CMakeTmp

Run Build Command:/usr/bin/make "cmTryCompileExec828366379/fast"
/usr/bin/make -f CMakeFiles/cmTryCompileExec828366379.dir/build.make CMakeFiles/cmTryCompileExec828366379.dir/build
make[1]: Entering directory `/home/cc/ee106b/sp17/class/ee106b-aah/final/final_project/build/CMakeFiles/CMakeTmp'
/usr/bin/cmake -E cmake_progress_report /home/cc/ee106b/sp17/class/ee106b-aah/final/final_project/build/CMakeFiles/CMakeTmp/CMakeFiles 1
Building C object CMakeFiles/cmTryCompileExec828366379.dir/CheckFunctionExists.c.o
/usr/bin/cc   -DCHECK_FUNCTION_EXISTS=pthread_create   -o CMakeFiles/cmTryCompileExec828366379.dir/CheckFunctionExists.c.o   -c /usr/share/cmake-2.8/Modules/CheckFunctionExists.c
Linking C executable cmTryCompileExec828366379
/usr/bin/cmake -E cmake_link_script CMakeFiles/cmTryCompileExec828366379.dir/link.txt --verbose=1
/usr/bin/cc   -DCHECK_FUNCTION_EXISTS=pthread_create    CMakeFiles/cmTryCompileExec828366379.dir/CheckFunctionExists.c.o  -o cmTryCompileExec828366379 -rdynamic -lpthreads 
/usr/bin/ld: cannot find -lpthreads
collect2: error: ld returned 1 exit status
make[1]: *** [cmTryCompileExec828366379] Error 1
make[1]: Leaving directory `/home/cc/ee106b/sp17/class/ee106b-aah/final/final_project/build/CMakeFiles/CMakeTmp'
make: *** [cmTryCompileExec828366379/fast] Error 2


